24-Jun-2020 11:47:53.928 INFO [main] org.apache.catalina.startup.VersionLoggerListener.log Server version name:   Apache Tomcat/9.0.36
24-Jun-2020 11:47:53.935 INFO [main] org.apache.catalina.startup.VersionLoggerListener.log Server built:          Jun 3 2020 17:07:09 UTC
24-Jun-2020 11:47:53.935 INFO [main] org.apache.catalina.startup.VersionLoggerListener.log Server version number: 9.0.36.0
24-Jun-2020 11:47:53.936 INFO [main] org.apache.catalina.startup.VersionLoggerListener.log OS Name:               Windows 10
24-Jun-2020 11:47:53.936 INFO [main] org.apache.catalina.startup.VersionLoggerListener.log OS Version:            10.0
24-Jun-2020 11:47:53.937 INFO [main] org.apache.catalina.startup.VersionLoggerListener.log Architecture:          amd64
24-Jun-2020 11:47:53.939 INFO [main] org.apache.catalina.startup.VersionLoggerListener.log Java Home:             C:\Program Files\Java\jdk-11.0.7
24-Jun-2020 11:47:53.939 INFO [main] org.apache.catalina.startup.VersionLoggerListener.log JVM Version:           11.0.7+8-LTS
24-Jun-2020 11:47:53.939 INFO [main] org.apache.catalina.startup.VersionLoggerListener.log JVM Vendor:            Oracle Corporation
24-Jun-2020 11:47:53.939 INFO [main] org.apache.catalina.startup.VersionLoggerListener.log CATALINA_BASE:         E:\Jenkins\Tomcat\apache-tomcat-9.0.36
24-Jun-2020 11:47:53.939 INFO [main] org.apache.catalina.startup.VersionLoggerListener.log CATALINA_HOME:         E:\Jenkins\Tomcat\apache-tomcat-9.0.36
24-Jun-2020 11:47:54.039 INFO [main] org.apache.catalina.startup.VersionLoggerListener.log Command line argument: --add-opens=java.base/java.lang=ALL-UNNAMED
24-Jun-2020 11:47:54.040 INFO [main] org.apache.catalina.startup.VersionLoggerListener.log Command line argument: --add-opens=java.base/java.io=ALL-UNNAMED
24-Jun-2020 11:47:54.040 INFO [main] org.apache.catalina.startup.VersionLoggerListener.log Command line argument: --add-opens=java.rmi/sun.rmi.transport=ALL-UNNAMED
24-Jun-2020 11:47:54.041 INFO [main] org.apache.catalina.startup.VersionLoggerListener.log Command line argument: -Djava.util.logging.config.file=E:/Jenkins/Tomcat/apache-tomcat-9.0.36/conf/logging.properties
24-Jun-2020 11:47:54.041 INFO [main] org.apache.catalina.startup.VersionLoggerListener.log Command line argument: -Djava.util.logging.manager=org.apache.juli.ClassLoaderLogManager
24-Jun-2020 11:47:54.042 INFO [main] org.apache.catalina.startup.VersionLoggerListener.log Command line argument: -Djdk.tls.ephemeralDHKeySize=2048
24-Jun-2020 11:47:54.042 INFO [main] org.apache.catalina.startup.VersionLoggerListener.log Command line argument: -Djava.protocol.handler.pkgs=org.apache.catalina.webresources
24-Jun-2020 11:47:54.042 INFO [main] org.apache.catalina.startup.VersionLoggerListener.log Command line argument: -Dorg.apache.catalina.security.SecurityListener.UMASK=0027
24-Jun-2020 11:47:54.043 INFO [main] org.apache.catalina.startup.VersionLoggerListener.log Command line argument: -Dignore.endorsed.dirs=
24-Jun-2020 11:47:54.043 INFO [main] org.apache.catalina.startup.VersionLoggerListener.log Command line argument: -Dcatalina.base=E:/Jenkins/Tomcat/apache-tomcat-9.0.36
24-Jun-2020 11:47:54.043 INFO [main] org.apache.catalina.startup.VersionLoggerListener.log Command line argument: -Dcatalina.home=E:/Jenkins/Tomcat/apache-tomcat-9.0.36
24-Jun-2020 11:47:54.044 INFO [main] org.apache.catalina.startup.VersionLoggerListener.log Command line argument: -Djava.io.tmpdir=E:/Jenkins/Tomcat/apache-tomcat-9.0.36/temp
24-Jun-2020 11:47:54.044 INFO [main] org.apache.catalina.core.AprLifecycleListener.lifecycleEvent Loaded Apache Tomcat Native library [1.2.24] using APR version [1.7.0].
24-Jun-2020 11:47:54.044 INFO [main] org.apache.catalina.core.AprLifecycleListener.lifecycleEvent APR capabilities: IPv6 [true], sendfile [true], accept filters [false], random [true].
24-Jun-2020 11:47:54.045 INFO [main] org.apache.catalina.core.AprLifecycleListener.lifecycleEvent APR/OpenSSL configuration: useAprConnector [false], useOpenSSL [true]
24-Jun-2020 11:47:54.057 INFO [main] org.apache.catalina.core.AprLifecycleListener.initializeSSL OpenSSL successfully initialized [OpenSSL 1.1.1g  21 Apr 2020]
24-Jun-2020 11:47:54.827 INFO [main] org.apache.coyote.AbstractProtocol.init Initializing ProtocolHandler ["http-nio-8080"]
24-Jun-2020 11:47:55.392 SEVERE [main] org.apache.catalina.util.LifecycleBase.handleSubClassException Failed to initialize component [Connector[HTTP/1.1-8080]]
	org.apache.catalina.LifecycleException: Protocol handler initialization failed
		at org.apache.catalina.connector.Connector.initInternal(Connector.java:1042)
		at org.apache.catalina.util.LifecycleBase.init(LifecycleBase.java:136)
		at org.apache.catalina.core.StandardService.initInternal(StandardService.java:533)
		at org.apache.catalina.util.LifecycleBase.init(LifecycleBase.java:136)
		at org.apache.catalina.core.StandardServer.initInternal(StandardServer.java:1057)
		at org.apache.catalina.util.LifecycleBase.init(LifecycleBase.java:136)
		at org.apache.catalina.startup.Catalina.load(Catalina.java:584)
		at org.apache.catalina.startup.Catalina.load(Catalina.java:607)
		at java.base/jdk.internal.reflect.NativeMethodAccessorImpl.invoke0(Native Method)
		at java.base/jdk.internal.reflect.NativeMethodAccessorImpl.invoke(NativeMethodAccessorImpl.java:62)
		at java.base/jdk.internal.reflect.DelegatingMethodAccessorImpl.invoke(DelegatingMethodAccessorImpl.java:43)
		at java.base/java.lang.reflect.Method.invoke(Method.java:566)
		at org.apache.catalina.startup.Bootstrap.load(Bootstrap.java:303)
		at org.apache.catalina.startup.Bootstrap.main(Bootstrap.java:473)
	Caused by: java.net.BindException: Address already in use: bind
		at java.base/sun.nio.ch.Net.bind0(Native Method)
		at java.base/sun.nio.ch.Net.bind(Net.java:461)
		at java.base/sun.nio.ch.Net.bind(Net.java:453)
		at java.base/sun.nio.ch.ServerSocketChannelImpl.bind(ServerSocketChannelImpl.java:227)
		at java.base/sun.nio.ch.ServerSocketAdaptor.bind(ServerSocketAdaptor.java:80)
		at org.apache.tomcat.util.net.NioEndpoint.initServerSocket(NioEndpoint.java:228)
		at org.apache.tomcat.util.net.NioEndpoint.bind(NioEndpoint.java:211)
		at org.apache.tomcat.util.net.AbstractEndpoint.bindWithCleanup(AbstractEndpoint.java:1141)
		at org.apache.tomcat.util.net.AbstractEndpoint.init(AbstractEndpoint.java:1154)
		at org.apache.coyote.AbstractProtocol.init(AbstractProtocol.java:581)
		at org.apache.coyote.http11.AbstractHttp11Protocol.init(AbstractHttp11Protocol.java:74)
		at org.apache.catalina.connector.Connector.initInternal(Connector.java:1039)
		... 13 more
24-Jun-2020 11:47:55.395 INFO [main] org.apache.catalina.startup.Catalina.load Server initialization in [1,695] milliseconds
24-Jun-2020 11:47:55.503 INFO [main] org.apache.catalina.core.StandardService.startInternal Starting service [Catalina]
24-Jun-2020 11:47:55.503 INFO [main] org.apache.catalina.core.StandardEngine.startInternal Starting Servlet engine: [Apache Tomcat/9.0.36]
24-Jun-2020 11:47:55.513 INFO [main] org.apache.catalina.startup.HostConfig.deployDirectory Deploying web application directory [E:\Jenkins\Tomcat\apache-tomcat-9.0.36\webapps\docs]
24-Jun-2020 11:47:56.624 WARNING [main] org.apache.catalina.util.SessionIdGeneratorBase.createSecureRandom Creation of SecureRandom instance for session ID generation using [SHA1PRNG] took [502] milliseconds.
24-Jun-2020 11:47:56.668 INFO [main] org.apache.catalina.startup.HostConfig.deployDirectory Deployment of web application directory [E:\Jenkins\Tomcat\apache-tomcat-9.0.36\webapps\docs] has finished in [1,155] ms
24-Jun-2020 11:47:56.670 INFO [main] org.apache.catalina.startup.HostConfig.deployDirectory Deploying web application directory [E:\Jenkins\Tomcat\apache-tomcat-9.0.36\webapps\examples]
24-Jun-2020 11:47:59.283 INFO [main] org.apache.catalina.startup.HostConfig.deployDirectory Deployment of web application directory [E:\Jenkins\Tomcat\apache-tomcat-9.0.36\webapps\examples] has finished in [2,614] ms
24-Jun-2020 11:47:59.284 INFO [main] org.apache.catalina.startup.HostConfig.deployDirectory Deploying web application directory [E:\Jenkins\Tomcat\apache-tomcat-9.0.36\webapps\host-manager]
24-Jun-2020 11:47:59.395 INFO [main] org.apache.catalina.startup.HostConfig.deployDirectory Deployment of web application directory [E:\Jenkins\Tomcat\apache-tomcat-9.0.36\webapps\host-manager] has finished in [111] ms
24-Jun-2020 11:47:59.396 INFO [main] org.apache.catalina.startup.HostConfig.deployDirectory Deploying web application directory [E:\Jenkins\Tomcat\apache-tomcat-9.0.36\webapps\manager]
24-Jun-2020 11:47:59.502 INFO [main] org.apache.catalina.startup.HostConfig.deployDirectory Deployment of web application directory [E:\Jenkins\Tomcat\apache-tomcat-9.0.36\webapps\manager] has finished in [106] ms
24-Jun-2020 11:47:59.503 INFO [main] org.apache.catalina.startup.HostConfig.deployDirectory Deploying web application directory [E:\Jenkins\Tomcat\apache-tomcat-9.0.36\webapps\ROOT]
24-Jun-2020 11:47:59.568 INFO [main] org.apache.catalina.startup.HostConfig.deployDirectory Deployment of web application directory [E:\Jenkins\Tomcat\apache-tomcat-9.0.36\webapps\ROOT] has finished in [65] ms
24-Jun-2020 11:47:59.582 INFO [main] org.apache.catalina.startup.Catalina.start Server startup in [4,185] milliseconds
24-Jun-2020 11:48:05.206 INFO [main] org.apache.catalina.startup.VersionLoggerListener.log Server version name:   Apache Tomcat/9.0.36
24-Jun-2020 11:48:05.211 INFO [main] org.apache.catalina.startup.VersionLoggerListener.log Server built:          Jun 3 2020 17:07:09 UTC
24-Jun-2020 11:48:05.211 INFO [main] org.apache.catalina.startup.VersionLoggerListener.log Server version number: 9.0.36.0
24-Jun-2020 11:48:05.211 INFO [main] org.apache.catalina.startup.VersionLoggerListener.log OS Name:               Windows 10
24-Jun-2020 11:48:05.212 INFO [main] org.apache.catalina.startup.VersionLoggerListener.log OS Version:            10.0
24-Jun-2020 11:48:05.212 INFO [main] org.apache.catalina.startup.VersionLoggerListener.log Architecture:          amd64
24-Jun-2020 11:48:05.212 INFO [main] org.apache.catalina.startup.VersionLoggerListener.log Java Home:             C:\Program Files\Java\jdk-11.0.7
24-Jun-2020 11:48:05.212 INFO [main] org.apache.catalina.startup.VersionLoggerListener.log JVM Version:           11.0.7+8-LTS
24-Jun-2020 11:48:05.212 INFO [main] org.apache.catalina.startup.VersionLoggerListener.log JVM Vendor:            Oracle Corporation
24-Jun-2020 11:48:05.212 INFO [main] org.apache.catalina.startup.VersionLoggerListener.log CATALINA_BASE:         E:\Jenkins\Tomcat\apache-tomcat-9.0.36
24-Jun-2020 11:48:05.212 INFO [main] org.apache.catalina.startup.VersionLoggerListener.log CATALINA_HOME:         E:\Jenkins\Tomcat\apache-tomcat-9.0.36
24-Jun-2020 11:48:05.225 INFO [main] org.apache.catalina.startup.VersionLoggerListener.log Command line argument: --add-opens=java.base/java.lang=ALL-UNNAMED
24-Jun-2020 11:48:05.225 INFO [main] org.apache.catalina.startup.VersionLoggerListener.log Command line argument: --add-opens=java.base/java.io=ALL-UNNAMED
24-Jun-2020 11:48:05.225 INFO [main] org.apache.catalina.startup.VersionLoggerListener.log Command line argument: --add-opens=java.rmi/sun.rmi.transport=ALL-UNNAMED
24-Jun-2020 11:48:05.225 INFO [main] org.apache.catalina.startup.VersionLoggerListener.log Command line argument: -Djava.util.logging.config.file=E:/Jenkins/Tomcat/apache-tomcat-9.0.36/conf/logging.properties
24-Jun-2020 11:48:05.225 INFO [main] org.apache.catalina.startup.VersionLoggerListener.log Command line argument: -Djava.util.logging.manager=org.apache.juli.ClassLoaderLogManager
24-Jun-2020 11:48:05.226 INFO [main] org.apache.catalina.startup.VersionLoggerListener.log Command line argument: -Djdk.tls.ephemeralDHKeySize=2048
24-Jun-2020 11:48:05.226 INFO [main] org.apache.catalina.startup.VersionLoggerListener.log Command line argument: -Djava.protocol.handler.pkgs=org.apache.catalina.webresources
24-Jun-2020 11:48:05.226 INFO [main] org.apache.catalina.startup.VersionLoggerListener.log Command line argument: -Dorg.apache.catalina.security.SecurityListener.UMASK=0027
24-Jun-2020 11:48:05.226 INFO [main] org.apache.catalina.startup.VersionLoggerListener.log Command line argument: -Dignore.endorsed.dirs=
24-Jun-2020 11:48:05.226 INFO [main] org.apache.catalina.startup.VersionLoggerListener.log Command line argument: -Dcatalina.base=E:/Jenkins/Tomcat/apache-tomcat-9.0.36
24-Jun-2020 11:48:05.226 INFO [main] org.apache.catalina.startup.VersionLoggerListener.log Command line argument: -Dcatalina.home=E:/Jenkins/Tomcat/apache-tomcat-9.0.36
24-Jun-2020 11:48:05.226 INFO [main] org.apache.catalina.startup.VersionLoggerListener.log Command line argument: -Djava.io.tmpdir=E:/Jenkins/Tomcat/apache-tomcat-9.0.36/temp
24-Jun-2020 11:48:05.226 INFO [main] org.apache.catalina.core.AprLifecycleListener.lifecycleEvent Loaded Apache Tomcat Native library [1.2.24] using APR version [1.7.0].
24-Jun-2020 11:48:05.226 INFO [main] org.apache.catalina.core.AprLifecycleListener.lifecycleEvent APR capabilities: IPv6 [true], sendfile [true], accept filters [false], random [true].
24-Jun-2020 11:48:05.226 INFO [main] org.apache.catalina.core.AprLifecycleListener.lifecycleEvent APR/OpenSSL configuration: useAprConnector [false], useOpenSSL [true]
24-Jun-2020 11:48:05.230 INFO [main] org.apache.catalina.core.AprLifecycleListener.initializeSSL OpenSSL successfully initialized [OpenSSL 1.1.1g  21 Apr 2020]
24-Jun-2020 11:48:05.572 INFO [main] org.apache.coyote.AbstractProtocol.init Initializing ProtocolHandler ["http-nio-8080"]
24-Jun-2020 11:48:05.822 SEVERE [main] org.apache.catalina.util.LifecycleBase.handleSubClassException Failed to initialize component [Connector[HTTP/1.1-8080]]
	org.apache.catalina.LifecycleException: Protocol handler initialization failed
		at org.apache.catalina.connector.Connector.initInternal(Connector.java:1042)
		at org.apache.catalina.util.LifecycleBase.init(LifecycleBase.java:136)
		at org.apache.catalina.core.StandardService.initInternal(StandardService.java:533)
		at org.apache.catalina.util.LifecycleBase.init(LifecycleBase.java:136)
		at org.apache.catalina.core.StandardServer.initInternal(StandardServer.java:1057)
		at org.apache.catalina.util.LifecycleBase.init(LifecycleBase.java:136)
		at org.apache.catalina.startup.Catalina.load(Catalina.java:584)
		at org.apache.catalina.startup.Catalina.load(Catalina.java:607)
		at java.base/jdk.internal.reflect.NativeMethodAccessorImpl.invoke0(Native Method)
		at java.base/jdk.internal.reflect.NativeMethodAccessorImpl.invoke(NativeMethodAccessorImpl.java:62)
		at java.base/jdk.internal.reflect.DelegatingMethodAccessorImpl.invoke(DelegatingMethodAccessorImpl.java:43)
		at java.base/java.lang.reflect.Method.invoke(Method.java:566)
		at org.apache.catalina.startup.Bootstrap.load(Bootstrap.java:303)
		at org.apache.catalina.startup.Bootstrap.main(Bootstrap.java:473)
	Caused by: java.net.BindException: Address already in use: bind
		at java.base/sun.nio.ch.Net.bind0(Native Method)
		at java.base/sun.nio.ch.Net.bind(Net.java:461)
		at java.base/sun.nio.ch.Net.bind(Net.java:453)
		at java.base/sun.nio.ch.ServerSocketChannelImpl.bind(ServerSocketChannelImpl.java:227)
		at java.base/sun.nio.ch.ServerSocketAdaptor.bind(ServerSocketAdaptor.java:80)
		at org.apache.tomcat.util.net.NioEndpoint.initServerSocket(NioEndpoint.java:228)
		at org.apache.tomcat.util.net.NioEndpoint.bind(NioEndpoint.java:211)
		at org.apache.tomcat.util.net.AbstractEndpoint.bindWithCleanup(AbstractEndpoint.java:1141)
		at org.apache.tomcat.util.net.AbstractEndpoint.init(AbstractEndpoint.java:1154)
		at org.apache.coyote.AbstractProtocol.init(AbstractProtocol.java:581)
		at org.apache.coyote.http11.AbstractHttp11Protocol.init(AbstractHttp11Protocol.java:74)
		at org.apache.catalina.connector.Connector.initInternal(Connector.java:1039)
		... 13 more
24-Jun-2020 11:48:05.824 INFO [main] org.apache.catalina.startup.Catalina.load Server initialization in [812] milliseconds
24-Jun-2020 11:48:05.897 INFO [main] org.apache.catalina.core.StandardService.startInternal Starting service [Catalina]
24-Jun-2020 11:48:05.897 INFO [main] org.apache.catalina.core.StandardEngine.startInternal Starting Servlet engine: [Apache Tomcat/9.0.36]
24-Jun-2020 11:48:05.906 INFO [main] org.apache.catalina.startup.HostConfig.deployDirectory Deploying web application directory [E:\Jenkins\Tomcat\apache-tomcat-9.0.36\webapps\docs]
24-Jun-2020 11:48:06.447 WARNING [main] org.apache.catalina.util.SessionIdGeneratorBase.createSecureRandom Creation of SecureRandom instance for session ID generation using [SHA1PRNG] took [220] milliseconds.
24-Jun-2020 11:48:06.470 INFO [main] org.apache.catalina.startup.HostConfig.deployDirectory Deployment of web application directory [E:\Jenkins\Tomcat\apache-tomcat-9.0.36\webapps\docs] has finished in [564] ms
24-Jun-2020 11:48:06.470 INFO [main] org.apache.catalina.startup.HostConfig.deployDirectory Deploying web application directory [E:\Jenkins\Tomcat\apache-tomcat-9.0.36\webapps\examples]
24-Jun-2020 11:48:06.764 INFO [main] org.apache.catalina.startup.HostConfig.deployDirectory Deployment of web application directory [E:\Jenkins\Tomcat\apache-tomcat-9.0.36\webapps\examples] has finished in [293] ms
24-Jun-2020 11:48:06.764 INFO [main] org.apache.catalina.startup.HostConfig.deployDirectory Deploying web application directory [E:\Jenkins\Tomcat\apache-tomcat-9.0.36\webapps\host-manager]
24-Jun-2020 11:48:06.796 INFO [main] org.apache.catalina.startup.HostConfig.deployDirectory Deployment of web application directory [E:\Jenkins\Tomcat\apache-tomcat-9.0.36\webapps\host-manager] has finished in [31] ms
24-Jun-2020 11:48:06.797 INFO [main] org.apache.catalina.startup.HostConfig.deployDirectory Deploying web application directory [E:\Jenkins\Tomcat\apache-tomcat-9.0.36\webapps\manager]
24-Jun-2020 11:48:06.824 INFO [main] org.apache.catalina.startup.HostConfig.deployDirectory Deployment of web application directory [E:\Jenkins\Tomcat\apache-tomcat-9.0.36\webapps\manager] has finished in [26] ms
24-Jun-2020 11:48:06.824 INFO [main] org.apache.catalina.startup.HostConfig.deployDirectory Deploying web application directory [E:\Jenkins\Tomcat\apache-tomcat-9.0.36\webapps\ROOT]
24-Jun-2020 11:48:06.841 INFO [main] org.apache.catalina.startup.HostConfig.deployDirectory Deployment of web application directory [E:\Jenkins\Tomcat\apache-tomcat-9.0.36\webapps\ROOT] has finished in [17] ms
24-Jun-2020 11:48:06.847 INFO [main] org.apache.catalina.startup.Catalina.start Server startup in [1,022] milliseconds
24-Jun-2020 11:48:06.852 SEVERE [main] org.apache.catalina.core.StandardServer.await Failed to create server shutdown socket on address [localhost] and port [8005] (base port [8005] and offset [0])
	java.net.BindException: Address already in use: NET_Bind
		at java.base/java.net.PlainSocketImpl.bind0(Native Method)
		at java.base/java.net.PlainSocketImpl.socketBind(PlainSocketImpl.java:132)
		at java.base/java.net.AbstractPlainSocketImpl.bind(AbstractPlainSocketImpl.java:436)
		at java.base/java.net.ServerSocket.bind(ServerSocket.java:381)
		at java.base/java.net.ServerSocket.<init>(ServerSocket.java:243)
		at org.apache.catalina.core.StandardServer.await(StandardServer.java:584)
		at org.apache.catalina.startup.Catalina.await(Catalina.java:721)
		at org.apache.catalina.startup.Catalina.start(Catalina.java:667)
		at java.base/jdk.internal.reflect.NativeMethodAccessorImpl.invoke0(Native Method)
		at java.base/jdk.internal.reflect.NativeMethodAccessorImpl.invoke(NativeMethodAccessorImpl.java:62)
		at java.base/jdk.internal.reflect.DelegatingMethodAccessorImpl.invoke(DelegatingMethodAccessorImpl.java:43)
		at java.base/java.lang.reflect.Method.invoke(Method.java:566)
		at org.apache.catalina.startup.Bootstrap.start(Bootstrap.java:343)
		at org.apache.catalina.startup.Bootstrap.main(Bootstrap.java:474)
24-Jun-2020 11:48:06.853 INFO [main] org.apache.coyote.AbstractProtocol.pause Pausing ProtocolHandler ["http-nio-8080"]
24-Jun-2020 11:48:06.853 INFO [main] org.apache.catalina.core.StandardService.stopInternal Stopping service [Catalina]
24-Jun-2020 11:48:06.884 INFO [main] org.apache.coyote.AbstractProtocol.stop Stopping ProtocolHandler ["http-nio-8080"]
24-Jun-2020 11:48:06.884 INFO [main] org.apache.coyote.AbstractProtocol.destroy Destroying ProtocolHandler ["http-nio-8080"]
NOTE: Picked up JDK_JAVA_OPTIONS:  --add-opens=java.base/java.lang=ALL-UNNAMED --add-opens=java.base/java.io=ALL-UNNAMED --add-opens=java.rmi/sun.rmi.transport=ALL-UNNAMED
24-Jun-2020 11:53:12.065 INFO [main] org.apache.catalina.startup.VersionLoggerListener.log Server version name:   Apache Tomcat/9.0.36
24-Jun-2020 11:53:12.068 INFO [main] org.apache.catalina.startup.VersionLoggerListener.log Server built:          Jun 3 2020 17:07:09 UTC
24-Jun-2020 11:53:12.069 INFO [main] org.apache.catalina.startup.VersionLoggerListener.log Server version number: 9.0.36.0
24-Jun-2020 11:53:12.069 INFO [main] org.apache.catalina.startup.VersionLoggerListener.log OS Name:               Windows 10
24-Jun-2020 11:53:12.069 INFO [main] org.apache.catalina.startup.VersionLoggerListener.log OS Version:            10.0
24-Jun-2020 11:53:12.069 INFO [main] org.apache.catalina.startup.VersionLoggerListener.log Architecture:          amd64
24-Jun-2020 11:53:12.069 INFO [main] org.apache.catalina.startup.VersionLoggerListener.log Java Home:             C:\Program Files\Java\jdk-11.0.7
24-Jun-2020 11:53:12.069 INFO [main] org.apache.catalina.startup.VersionLoggerListener.log JVM Version:           11.0.7+8-LTS
24-Jun-2020 11:53:12.069 INFO [main] org.apache.catalina.startup.VersionLoggerListener.log JVM Vendor:            Oracle Corporation
24-Jun-2020 11:53:12.069 INFO [main] org.apache.catalina.startup.VersionLoggerListener.log CATALINA_BASE:         E:\Jenkins\Tomcat\apache-tomcat-9.0.36
24-Jun-2020 11:53:12.069 INFO [main] org.apache.catalina.startup.VersionLoggerListener.log CATALINA_HOME:         E:\Jenkins\Tomcat\apache-tomcat-9.0.36
24-Jun-2020 11:53:12.079 INFO [main] org.apache.catalina.startup.VersionLoggerListener.log Command line argument: --add-opens=java.base/java.lang=ALL-UNNAMED
24-Jun-2020 11:53:12.079 INFO [main] org.apache.catalina.startup.VersionLoggerListener.log Command line argument: --add-opens=java.base/java.io=ALL-UNNAMED
24-Jun-2020 11:53:12.079 INFO [main] org.apache.catalina.startup.VersionLoggerListener.log Command line argument: --add-opens=java.rmi/sun.rmi.transport=ALL-UNNAMED
24-Jun-2020 11:53:12.079 INFO [main] org.apache.catalina.startup.VersionLoggerListener.log Command line argument: -Djava.util.logging.config.file=E:/Jenkins/Tomcat/apache-tomcat-9.0.36/conf/logging.properties
24-Jun-2020 11:53:12.080 INFO [main] org.apache.catalina.startup.VersionLoggerListener.log Command line argument: -Djava.util.logging.manager=org.apache.juli.ClassLoaderLogManager
24-Jun-2020 11:53:12.080 INFO [main] org.apache.catalina.startup.VersionLoggerListener.log Command line argument: -Djdk.tls.ephemeralDHKeySize=2048
24-Jun-2020 11:53:12.080 INFO [main] org.apache.catalina.startup.VersionLoggerListener.log Command line argument: -Djava.protocol.handler.pkgs=org.apache.catalina.webresources
24-Jun-2020 11:53:12.080 INFO [main] org.apache.catalina.startup.VersionLoggerListener.log Command line argument: -Dorg.apache.catalina.security.SecurityListener.UMASK=0027
24-Jun-2020 11:53:12.080 INFO [main] org.apache.catalina.startup.VersionLoggerListener.log Command line argument: -Dignore.endorsed.dirs=
24-Jun-2020 11:53:12.080 INFO [main] org.apache.catalina.startup.VersionLoggerListener.log Command line argument: -Dcatalina.base=E:/Jenkins/Tomcat/apache-tomcat-9.0.36
24-Jun-2020 11:53:12.080 INFO [main] org.apache.catalina.startup.VersionLoggerListener.log Command line argument: -Dcatalina.home=E:/Jenkins/Tomcat/apache-tomcat-9.0.36
24-Jun-2020 11:53:12.080 INFO [main] org.apache.catalina.startup.VersionLoggerListener.log Command line argument: -Djava.io.tmpdir=E:/Jenkins/Tomcat/apache-tomcat-9.0.36/temp
24-Jun-2020 11:53:12.080 INFO [main] org.apache.catalina.core.AprLifecycleListener.lifecycleEvent Loaded Apache Tomcat Native library [1.2.24] using APR version [1.7.0].
24-Jun-2020 11:53:12.080 INFO [main] org.apache.catalina.core.AprLifecycleListener.lifecycleEvent APR capabilities: IPv6 [true], sendfile [true], accept filters [false], random [true].
24-Jun-2020 11:53:12.080 INFO [main] org.apache.catalina.core.AprLifecycleListener.lifecycleEvent APR/OpenSSL configuration: useAprConnector [false], useOpenSSL [true]
24-Jun-2020 11:53:12.084 INFO [main] org.apache.catalina.core.AprLifecycleListener.initializeSSL OpenSSL successfully initialized [OpenSSL 1.1.1g  21 Apr 2020]
24-Jun-2020 11:53:12.357 INFO [main] org.apache.coyote.AbstractProtocol.init Initializing ProtocolHandler ["http-nio-8090"]
24-Jun-2020 11:53:12.613 INFO [main] org.apache.catalina.startup.Catalina.load Server initialization in [706] milliseconds
24-Jun-2020 11:53:12.659 INFO [main] org.apache.catalina.core.StandardService.startInternal Starting service [Catalina]
24-Jun-2020 11:53:12.659 INFO [main] org.apache.catalina.core.StandardEngine.startInternal Starting Servlet engine: [Apache Tomcat/9.0.36]
24-Jun-2020 11:53:12.667 INFO [main] org.apache.catalina.startup.HostConfig.deployDirectory Deploying web application directory [E:\Jenkins\Tomcat\apache-tomcat-9.0.36\webapps\docs]
24-Jun-2020 11:53:13.065 WARNING [main] org.apache.catalina.util.SessionIdGeneratorBase.createSecureRandom Creation of SecureRandom instance for session ID generation using [SHA1PRNG] took [194] milliseconds.
24-Jun-2020 11:53:13.087 INFO [main] org.apache.catalina.startup.HostConfig.deployDirectory Deployment of web application directory [E:\Jenkins\Tomcat\apache-tomcat-9.0.36\webapps\docs] has finished in [420] ms
24-Jun-2020 11:53:13.088 INFO [main] org.apache.catalina.startup.HostConfig.deployDirectory Deploying web application directory [E:\Jenkins\Tomcat\apache-tomcat-9.0.36\webapps\examples]
24-Jun-2020 11:53:13.321 INFO [main] org.apache.catalina.startup.HostConfig.deployDirectory Deployment of web application directory [E:\Jenkins\Tomcat\apache-tomcat-9.0.36\webapps\examples] has finished in [234] ms
24-Jun-2020 11:53:13.322 INFO [main] org.apache.catalina.startup.HostConfig.deployDirectory Deploying web application directory [E:\Jenkins\Tomcat\apache-tomcat-9.0.36\webapps\host-manager]
24-Jun-2020 11:53:13.352 INFO [main] org.apache.catalina.startup.HostConfig.deployDirectory Deployment of web application directory [E:\Jenkins\Tomcat\apache-tomcat-9.0.36\webapps\host-manager] has finished in [30] ms
24-Jun-2020 11:53:13.352 INFO [main] org.apache.catalina.startup.HostConfig.deployDirectory Deploying web application directory [E:\Jenkins\Tomcat\apache-tomcat-9.0.36\webapps\manager]
24-Jun-2020 11:53:13.374 INFO [main] org.apache.catalina.startup.HostConfig.deployDirectory Deployment of web application directory [E:\Jenkins\Tomcat\apache-tomcat-9.0.36\webapps\manager] has finished in [22] ms
24-Jun-2020 11:53:13.375 INFO [main] org.apache.catalina.startup.HostConfig.deployDirectory Deploying web application directory [E:\Jenkins\Tomcat\apache-tomcat-9.0.36\webapps\ROOT]
24-Jun-2020 11:53:13.392 INFO [main] org.apache.catalina.startup.HostConfig.deployDirectory Deployment of web application directory [E:\Jenkins\Tomcat\apache-tomcat-9.0.36\webapps\ROOT] has finished in [17] ms
24-Jun-2020 11:53:13.396 INFO [main] org.apache.coyote.AbstractProtocol.start Starting ProtocolHandler ["http-nio-8090"]
24-Jun-2020 11:53:13.405 INFO [main] org.apache.catalina.startup.Catalina.start Server startup in [791] milliseconds
24-Jun-2020 11:53:13.412 SEVERE [main] org.apache.catalina.core.StandardServer.await Failed to create server shutdown socket on address [localhost] and port [8005] (base port [8005] and offset [0])
	java.net.BindException: Address already in use: NET_Bind
		at java.base/java.net.PlainSocketImpl.bind0(Native Method)
		at java.base/java.net.PlainSocketImpl.socketBind(PlainSocketImpl.java:132)
		at java.base/java.net.AbstractPlainSocketImpl.bind(AbstractPlainSocketImpl.java:436)
		at java.base/java.net.ServerSocket.bind(ServerSocket.java:381)
		at java.base/java.net.ServerSocket.<init>(ServerSocket.java:243)
		at org.apache.catalina.core.StandardServer.await(StandardServer.java:584)
		at org.apache.catalina.startup.Catalina.await(Catalina.java:721)
		at org.apache.catalina.startup.Catalina.start(Catalina.java:667)
		at java.base/jdk.internal.reflect.NativeMethodAccessorImpl.invoke0(Native Method)
		at java.base/jdk.internal.reflect.NativeMethodAccessorImpl.invoke(NativeMethodAccessorImpl.java:62)
		at java.base/jdk.internal.reflect.DelegatingMethodAccessorImpl.invoke(DelegatingMethodAccessorImpl.java:43)
		at java.base/java.lang.reflect.Method.invoke(Method.java:566)
		at org.apache.catalina.startup.Bootstrap.start(Bootstrap.java:343)
		at org.apache.catalina.startup.Bootstrap.main(Bootstrap.java:474)
24-Jun-2020 11:53:13.412 INFO [main] org.apache.coyote.AbstractProtocol.pause Pausing ProtocolHandler ["http-nio-8090"]
24-Jun-2020 11:53:13.603 INFO [main] org.apache.catalina.core.StandardService.stopInternal Stopping service [Catalina]
24-Jun-2020 11:53:13.641 INFO [main] org.apache.coyote.AbstractProtocol.stop Stopping ProtocolHandler ["http-nio-8090"]
24-Jun-2020 11:53:13.649 INFO [main] org.apache.coyote.AbstractProtocol.destroy Destroying ProtocolHandler ["http-nio-8090"]
NOTE: Picked up JDK_JAVA_OPTIONS:  --add-opens=java.base/java.lang=ALL-UNNAMED --add-opens=java.base/java.io=ALL-UNNAMED --add-opens=java.rmi/sun.rmi.transport=ALL-UNNAMED
24-Jun-2020 11:54:47.286 INFO [main] org.apache.catalina.startup.VersionLoggerListener.log Server version name:   Apache Tomcat/9.0.36
24-Jun-2020 11:54:47.291 INFO [main] org.apache.catalina.startup.VersionLoggerListener.log Server built:          Jun 3 2020 17:07:09 UTC
24-Jun-2020 11:54:47.291 INFO [main] org.apache.catalina.startup.VersionLoggerListener.log Server version number: 9.0.36.0
24-Jun-2020 11:54:47.291 INFO [main] org.apache.catalina.startup.VersionLoggerListener.log OS Name:               Windows 10
24-Jun-2020 11:54:47.291 INFO [main] org.apache.catalina.startup.VersionLoggerListener.log OS Version:            10.0
24-Jun-2020 11:54:47.291 INFO [main] org.apache.catalina.startup.VersionLoggerListener.log Architecture:          amd64
24-Jun-2020 11:54:47.291 INFO [main] org.apache.catalina.startup.VersionLoggerListener.log Java Home:             C:\Program Files\Java\jdk-11.0.7
24-Jun-2020 11:54:47.291 INFO [main] org.apache.catalina.startup.VersionLoggerListener.log JVM Version:           11.0.7+8-LTS
24-Jun-2020 11:54:47.291 INFO [main] org.apache.catalina.startup.VersionLoggerListener.log JVM Vendor:            Oracle Corporation
24-Jun-2020 11:54:47.291 INFO [main] org.apache.catalina.startup.VersionLoggerListener.log CATALINA_BASE:         E:\Jenkins\Tomcat\apache-tomcat-9.0.36
24-Jun-2020 11:54:47.291 INFO [main] org.apache.catalina.startup.VersionLoggerListener.log CATALINA_HOME:         E:\Jenkins\Tomcat\apache-tomcat-9.0.36
24-Jun-2020 11:54:47.304 INFO [main] org.apache.catalina.startup.VersionLoggerListener.log Command line argument: --add-opens=java.base/java.lang=ALL-UNNAMED
24-Jun-2020 11:54:47.304 INFO [main] org.apache.catalina.startup.VersionLoggerListener.log Command line argument: --add-opens=java.base/java.io=ALL-UNNAMED
24-Jun-2020 11:54:47.304 INFO [main] org.apache.catalina.startup.VersionLoggerListener.log Command line argument: --add-opens=java.rmi/sun.rmi.transport=ALL-UNNAMED
24-Jun-2020 11:54:47.304 INFO [main] org.apache.catalina.startup.VersionLoggerListener.log Command line argument: -Djava.util.logging.config.file=E:/Jenkins/Tomcat/apache-tomcat-9.0.36/conf/logging.properties
24-Jun-2020 11:54:47.305 INFO [main] org.apache.catalina.startup.VersionLoggerListener.log Command line argument: -Djava.util.logging.manager=org.apache.juli.ClassLoaderLogManager
24-Jun-2020 11:54:47.305 INFO [main] org.apache.catalina.startup.VersionLoggerListener.log Command line argument: -Djdk.tls.ephemeralDHKeySize=2048
24-Jun-2020 11:54:47.305 INFO [main] org.apache.catalina.startup.VersionLoggerListener.log Command line argument: -Djava.protocol.handler.pkgs=org.apache.catalina.webresources
24-Jun-2020 11:54:47.305 INFO [main] org.apache.catalina.startup.VersionLoggerListener.log Command line argument: -Dorg.apache.catalina.security.SecurityListener.UMASK=0027
24-Jun-2020 11:54:47.305 INFO [main] org.apache.catalina.startup.VersionLoggerListener.log Command line argument: -Dignore.endorsed.dirs=
24-Jun-2020 11:54:47.305 INFO [main] org.apache.catalina.startup.VersionLoggerListener.log Command line argument: -Dcatalina.base=E:/Jenkins/Tomcat/apache-tomcat-9.0.36
24-Jun-2020 11:54:47.305 INFO [main] org.apache.catalina.startup.VersionLoggerListener.log Command line argument: -Dcatalina.home=E:/Jenkins/Tomcat/apache-tomcat-9.0.36
24-Jun-2020 11:54:47.306 INFO [main] org.apache.catalina.startup.VersionLoggerListener.log Command line argument: -Djava.io.tmpdir=E:/Jenkins/Tomcat/apache-tomcat-9.0.36/temp
24-Jun-2020 11:54:47.306 INFO [main] org.apache.catalina.core.AprLifecycleListener.lifecycleEvent Loaded Apache Tomcat Native library [1.2.24] using APR version [1.7.0].
24-Jun-2020 11:54:47.306 INFO [main] org.apache.catalina.core.AprLifecycleListener.lifecycleEvent APR capabilities: IPv6 [true], sendfile [true], accept filters [false], random [true].
24-Jun-2020 11:54:47.306 INFO [main] org.apache.catalina.core.AprLifecycleListener.lifecycleEvent APR/OpenSSL configuration: useAprConnector [false], useOpenSSL [true]
24-Jun-2020 11:54:47.312 INFO [main] org.apache.catalina.core.AprLifecycleListener.initializeSSL OpenSSL successfully initialized [OpenSSL 1.1.1g  21 Apr 2020]
24-Jun-2020 11:54:47.638 INFO [main] org.apache.coyote.AbstractProtocol.init Initializing ProtocolHandler ["http-nio-8090"]
24-Jun-2020 11:54:47.873 INFO [main] org.apache.catalina.startup.Catalina.load Server initialization in [741] milliseconds
24-Jun-2020 11:54:47.922 INFO [main] org.apache.catalina.core.StandardService.startInternal Starting service [Catalina]
24-Jun-2020 11:54:47.922 INFO [main] org.apache.catalina.core.StandardEngine.startInternal Starting Servlet engine: [Apache Tomcat/9.0.36]
24-Jun-2020 11:54:47.930 INFO [main] org.apache.catalina.startup.HostConfig.deployDirectory Deploying web application directory [E:\Jenkins\Tomcat\apache-tomcat-9.0.36\webapps\docs]
24-Jun-2020 11:54:48.338 WARNING [main] org.apache.catalina.util.SessionIdGeneratorBase.createSecureRandom Creation of SecureRandom instance for session ID generation using [SHA1PRNG] took [180] milliseconds.
24-Jun-2020 11:54:48.358 INFO [main] org.apache.catalina.startup.HostConfig.deployDirectory Deployment of web application directory [E:\Jenkins\Tomcat\apache-tomcat-9.0.36\webapps\docs] has finished in [427] ms
24-Jun-2020 11:54:48.359 INFO [main] org.apache.catalina.startup.HostConfig.deployDirectory Deploying web application directory [E:\Jenkins\Tomcat\apache-tomcat-9.0.36\webapps\examples]
24-Jun-2020 11:54:48.611 INFO [main] org.apache.catalina.startup.HostConfig.deployDirectory Deployment of web application directory [E:\Jenkins\Tomcat\apache-tomcat-9.0.36\webapps\examples] has finished in [253] ms
24-Jun-2020 11:54:48.612 INFO [main] org.apache.catalina.startup.HostConfig.deployDirectory Deploying web application directory [E:\Jenkins\Tomcat\apache-tomcat-9.0.36\webapps\host-manager]
24-Jun-2020 11:54:48.642 INFO [main] org.apache.catalina.startup.HostConfig.deployDirectory Deployment of web application directory [E:\Jenkins\Tomcat\apache-tomcat-9.0.36\webapps\host-manager] has finished in [31] ms
24-Jun-2020 11:54:48.642 INFO [main] org.apache.catalina.startup.HostConfig.deployDirectory Deploying web application directory [E:\Jenkins\Tomcat\apache-tomcat-9.0.36\webapps\manager]
24-Jun-2020 11:54:48.665 INFO [main] org.apache.catalina.startup.HostConfig.deployDirectory Deployment of web application directory [E:\Jenkins\Tomcat\apache-tomcat-9.0.36\webapps\manager] has finished in [22] ms
24-Jun-2020 11:54:48.665 INFO [main] org.apache.catalina.startup.HostConfig.deployDirectory Deploying web application directory [E:\Jenkins\Tomcat\apache-tomcat-9.0.36\webapps\ROOT]
24-Jun-2020 11:54:48.681 INFO [main] org.apache.catalina.startup.HostConfig.deployDirectory Deployment of web application directory [E:\Jenkins\Tomcat\apache-tomcat-9.0.36\webapps\ROOT] has finished in [16] ms
24-Jun-2020 11:54:48.686 INFO [main] org.apache.coyote.AbstractProtocol.start Starting ProtocolHandler ["http-nio-8090"]
24-Jun-2020 11:54:48.695 INFO [main] org.apache.catalina.startup.Catalina.start Server startup in [821] milliseconds
24-Jun-2020 11:54:48.701 SEVERE [main] org.apache.catalina.core.StandardServer.await Failed to create server shutdown socket on address [localhost] and port [8005] (base port [8005] and offset [0])
	java.net.BindException: Address already in use: NET_Bind
		at java.base/java.net.PlainSocketImpl.bind0(Native Method)
		at java.base/java.net.PlainSocketImpl.socketBind(PlainSocketImpl.java:132)
		at java.base/java.net.AbstractPlainSocketImpl.bind(AbstractPlainSocketImpl.java:436)
		at java.base/java.net.ServerSocket.bind(ServerSocket.java:381)
		at java.base/java.net.ServerSocket.<init>(ServerSocket.java:243)
		at org.apache.catalina.core.StandardServer.await(StandardServer.java:584)
		at org.apache.catalina.startup.Catalina.await(Catalina.java:721)
		at org.apache.catalina.startup.Catalina.start(Catalina.java:667)
		at java.base/jdk.internal.reflect.NativeMethodAccessorImpl.invoke0(Native Method)
		at java.base/jdk.internal.reflect.NativeMethodAccessorImpl.invoke(NativeMethodAccessorImpl.java:62)
		at java.base/jdk.internal.reflect.DelegatingMethodAccessorImpl.invoke(DelegatingMethodAccessorImpl.java:43)
		at java.base/java.lang.reflect.Method.invoke(Method.java:566)
		at org.apache.catalina.startup.Bootstrap.start(Bootstrap.java:343)
		at org.apache.catalina.startup.Bootstrap.main(Bootstrap.java:474)
24-Jun-2020 11:54:48.702 INFO [main] org.apache.coyote.AbstractProtocol.pause Pausing ProtocolHandler ["http-nio-8090"]
24-Jun-2020 11:54:48.880 INFO [main] org.apache.catalina.core.StandardService.stopInternal Stopping service [Catalina]
24-Jun-2020 11:54:48.901 INFO [main] org.apache.coyote.AbstractProtocol.stop Stopping ProtocolHandler ["http-nio-8090"]
24-Jun-2020 11:54:48.906 INFO [main] org.apache.coyote.AbstractProtocol.destroy Destroying ProtocolHandler ["http-nio-8090"]
NOTE: Picked up JDK_JAVA_OPTIONS:  --add-opens=java.base/java.lang=ALL-UNNAMED --add-opens=java.base/java.io=ALL-UNNAMED --add-opens=java.rmi/sun.rmi.transport=ALL-UNNAMED
24-Jun-2020 11:56:50.409 INFO [main] org.apache.catalina.startup.VersionLoggerListener.log Server version name:   Apache Tomcat/9.0.36
24-Jun-2020 11:56:50.413 INFO [main] org.apache.catalina.startup.VersionLoggerListener.log Server built:          Jun 3 2020 17:07:09 UTC
24-Jun-2020 11:56:50.413 INFO [main] org.apache.catalina.startup.VersionLoggerListener.log Server version number: 9.0.36.0
24-Jun-2020 11:56:50.413 INFO [main] org.apache.catalina.startup.VersionLoggerListener.log OS Name:               Windows 10
24-Jun-2020 11:56:50.414 INFO [main] org.apache.catalina.startup.VersionLoggerListener.log OS Version:            10.0
24-Jun-2020 11:56:50.414 INFO [main] org.apache.catalina.startup.VersionLoggerListener.log Architecture:          amd64
24-Jun-2020 11:56:50.414 INFO [main] org.apache.catalina.startup.VersionLoggerListener.log Java Home:             C:\Program Files\Java\jdk-11.0.7
24-Jun-2020 11:56:50.414 INFO [main] org.apache.catalina.startup.VersionLoggerListener.log JVM Version:           11.0.7+8-LTS
24-Jun-2020 11:56:50.414 INFO [main] org.apache.catalina.startup.VersionLoggerListener.log JVM Vendor:            Oracle Corporation
24-Jun-2020 11:56:50.414 INFO [main] org.apache.catalina.startup.VersionLoggerListener.log CATALINA_BASE:         E:\Jenkins\Tomcat\apache-tomcat-9.0.36
24-Jun-2020 11:56:50.414 INFO [main] org.apache.catalina.startup.VersionLoggerListener.log CATALINA_HOME:         E:\Jenkins\Tomcat\apache-tomcat-9.0.36
24-Jun-2020 11:56:50.425 INFO [main] org.apache.catalina.startup.VersionLoggerListener.log Command line argument: --add-opens=java.base/java.lang=ALL-UNNAMED
24-Jun-2020 11:56:50.425 INFO [main] org.apache.catalina.startup.VersionLoggerListener.log Command line argument: --add-opens=java.base/java.io=ALL-UNNAMED
24-Jun-2020 11:56:50.426 INFO [main] org.apache.catalina.startup.VersionLoggerListener.log Command line argument: --add-opens=java.rmi/sun.rmi.transport=ALL-UNNAMED
24-Jun-2020 11:56:50.426 INFO [main] org.apache.catalina.startup.VersionLoggerListener.log Command line argument: -Djava.util.logging.config.file=E:/Jenkins/Tomcat/apache-tomcat-9.0.36/conf/logging.properties
24-Jun-2020 11:56:50.426 INFO [main] org.apache.catalina.startup.VersionLoggerListener.log Command line argument: -Djava.util.logging.manager=org.apache.juli.ClassLoaderLogManager
24-Jun-2020 11:56:50.426 INFO [main] org.apache.catalina.startup.VersionLoggerListener.log Command line argument: -Djdk.tls.ephemeralDHKeySize=2048
24-Jun-2020 11:56:50.426 INFO [main] org.apache.catalina.startup.VersionLoggerListener.log Command line argument: -Djava.protocol.handler.pkgs=org.apache.catalina.webresources
24-Jun-2020 11:56:50.426 INFO [main] org.apache.catalina.startup.VersionLoggerListener.log Command line argument: -Dorg.apache.catalina.security.SecurityListener.UMASK=0027
24-Jun-2020 11:56:50.427 INFO [main] org.apache.catalina.startup.VersionLoggerListener.log Command line argument: -Dignore.endorsed.dirs=
24-Jun-2020 11:56:50.427 INFO [main] org.apache.catalina.startup.VersionLoggerListener.log Command line argument: -Dcatalina.base=E:/Jenkins/Tomcat/apache-tomcat-9.0.36
24-Jun-2020 11:56:50.427 INFO [main] org.apache.catalina.startup.VersionLoggerListener.log Command line argument: -Dcatalina.home=E:/Jenkins/Tomcat/apache-tomcat-9.0.36
24-Jun-2020 11:56:50.427 INFO [main] org.apache.catalina.startup.VersionLoggerListener.log Command line argument: -Djava.io.tmpdir=E:/Jenkins/Tomcat/apache-tomcat-9.0.36/temp
24-Jun-2020 11:56:50.427 INFO [main] org.apache.catalina.core.AprLifecycleListener.lifecycleEvent Loaded Apache Tomcat Native library [1.2.24] using APR version [1.7.0].
24-Jun-2020 11:56:50.427 INFO [main] org.apache.catalina.core.AprLifecycleListener.lifecycleEvent APR capabilities: IPv6 [true], sendfile [true], accept filters [false], random [true].
24-Jun-2020 11:56:50.427 INFO [main] org.apache.catalina.core.AprLifecycleListener.lifecycleEvent APR/OpenSSL configuration: useAprConnector [false], useOpenSSL [true]
24-Jun-2020 11:56:50.431 INFO [main] org.apache.catalina.core.AprLifecycleListener.initializeSSL OpenSSL successfully initialized [OpenSSL 1.1.1g  21 Apr 2020]
24-Jun-2020 11:56:50.735 INFO [main] org.apache.coyote.AbstractProtocol.init Initializing ProtocolHandler ["http-nio-8080"]
24-Jun-2020 11:56:50.959 SEVERE [main] org.apache.catalina.util.LifecycleBase.handleSubClassException Failed to initialize component [Connector[HTTP/1.1-8080]]
	org.apache.catalina.LifecycleException: Protocol handler initialization failed
		at org.apache.catalina.connector.Connector.initInternal(Connector.java:1042)
		at org.apache.catalina.util.LifecycleBase.init(LifecycleBase.java:136)
		at org.apache.catalina.core.StandardService.initInternal(StandardService.java:533)
		at org.apache.catalina.util.LifecycleBase.init(LifecycleBase.java:136)
		at org.apache.catalina.core.StandardServer.initInternal(StandardServer.java:1057)
		at org.apache.catalina.util.LifecycleBase.init(LifecycleBase.java:136)
		at org.apache.catalina.startup.Catalina.load(Catalina.java:584)
		at org.apache.catalina.startup.Catalina.load(Catalina.java:607)
		at java.base/jdk.internal.reflect.NativeMethodAccessorImpl.invoke0(Native Method)
		at java.base/jdk.internal.reflect.NativeMethodAccessorImpl.invoke(NativeMethodAccessorImpl.java:62)
		at java.base/jdk.internal.reflect.DelegatingMethodAccessorImpl.invoke(DelegatingMethodAccessorImpl.java:43)
		at java.base/java.lang.reflect.Method.invoke(Method.java:566)
		at org.apache.catalina.startup.Bootstrap.load(Bootstrap.java:303)
		at org.apache.catalina.startup.Bootstrap.main(Bootstrap.java:473)
	Caused by: java.net.BindException: Address already in use: bind
		at java.base/sun.nio.ch.Net.bind0(Native Method)
		at java.base/sun.nio.ch.Net.bind(Net.java:461)
		at java.base/sun.nio.ch.Net.bind(Net.java:453)
		at java.base/sun.nio.ch.ServerSocketChannelImpl.bind(ServerSocketChannelImpl.java:227)
		at java.base/sun.nio.ch.ServerSocketAdaptor.bind(ServerSocketAdaptor.java:80)
		at org.apache.tomcat.util.net.NioEndpoint.initServerSocket(NioEndpoint.java:228)
		at org.apache.tomcat.util.net.NioEndpoint.bind(NioEndpoint.java:211)
		at org.apache.tomcat.util.net.AbstractEndpoint.bindWithCleanup(AbstractEndpoint.java:1141)
		at org.apache.tomcat.util.net.AbstractEndpoint.init(AbstractEndpoint.java:1154)
		at org.apache.coyote.AbstractProtocol.init(AbstractProtocol.java:581)
		at org.apache.coyote.http11.AbstractHttp11Protocol.init(AbstractHttp11Protocol.java:74)
		at org.apache.catalina.connector.Connector.initInternal(Connector.java:1039)
		... 13 more
24-Jun-2020 11:56:50.960 INFO [main] org.apache.catalina.startup.Catalina.load Server initialization in [719] milliseconds
24-Jun-2020 11:56:51.017 INFO [main] org.apache.catalina.core.StandardService.startInternal Starting service [Catalina]
24-Jun-2020 11:56:51.017 INFO [main] org.apache.catalina.core.StandardEngine.startInternal Starting Servlet engine: [Apache Tomcat/9.0.36]
24-Jun-2020 11:56:51.023 INFO [main] org.apache.catalina.startup.HostConfig.deployDirectory Deploying web application directory [E:\Jenkins\Tomcat\apache-tomcat-9.0.36\webapps\docs]
24-Jun-2020 11:56:51.474 WARNING [main] org.apache.catalina.util.SessionIdGeneratorBase.createSecureRandom Creation of SecureRandom instance for session ID generation using [SHA1PRNG] took [204] milliseconds.
24-Jun-2020 11:56:51.491 INFO [main] org.apache.catalina.startup.HostConfig.deployDirectory Deployment of web application directory [E:\Jenkins\Tomcat\apache-tomcat-9.0.36\webapps\docs] has finished in [468] ms
24-Jun-2020 11:56:51.491 INFO [main] org.apache.catalina.startup.HostConfig.deployDirectory Deploying web application directory [E:\Jenkins\Tomcat\apache-tomcat-9.0.36\webapps\examples]
24-Jun-2020 11:56:51.865 INFO [main] org.apache.catalina.startup.HostConfig.deployDirectory Deployment of web application directory [E:\Jenkins\Tomcat\apache-tomcat-9.0.36\webapps\examples] has finished in [374] ms
24-Jun-2020 11:56:51.866 INFO [main] org.apache.catalina.startup.HostConfig.deployDirectory Deploying web application directory [E:\Jenkins\Tomcat\apache-tomcat-9.0.36\webapps\host-manager]
24-Jun-2020 11:56:51.912 INFO [main] org.apache.catalina.startup.HostConfig.deployDirectory Deployment of web application directory [E:\Jenkins\Tomcat\apache-tomcat-9.0.36\webapps\host-manager] has finished in [45] ms
24-Jun-2020 11:56:51.913 INFO [main] org.apache.catalina.startup.HostConfig.deployDirectory Deploying web application directory [E:\Jenkins\Tomcat\apache-tomcat-9.0.36\webapps\manager]
24-Jun-2020 11:56:51.953 INFO [main] org.apache.catalina.startup.HostConfig.deployDirectory Deployment of web application directory [E:\Jenkins\Tomcat\apache-tomcat-9.0.36\webapps\manager] has finished in [40] ms
24-Jun-2020 11:56:51.954 INFO [main] org.apache.catalina.startup.HostConfig.deployDirectory Deploying web application directory [E:\Jenkins\Tomcat\apache-tomcat-9.0.36\webapps\ROOT]
24-Jun-2020 11:56:51.986 INFO [main] org.apache.catalina.startup.HostConfig.deployDirectory Deployment of web application directory [E:\Jenkins\Tomcat\apache-tomcat-9.0.36\webapps\ROOT] has finished in [32] ms
24-Jun-2020 11:56:51.991 INFO [main] org.apache.catalina.startup.Catalina.start Server startup in [1,030] milliseconds
24-Jun-2020 11:56:52.001 SEVERE [main] org.apache.catalina.core.StandardServer.await Failed to create server shutdown socket on address [localhost] and port [8005] (base port [8005] and offset [0])
	java.net.BindException: Address already in use: NET_Bind
		at java.base/java.net.PlainSocketImpl.bind0(Native Method)
		at java.base/java.net.PlainSocketImpl.socketBind(PlainSocketImpl.java:132)
		at java.base/java.net.AbstractPlainSocketImpl.bind(AbstractPlainSocketImpl.java:436)
		at java.base/java.net.ServerSocket.bind(ServerSocket.java:381)
		at java.base/java.net.ServerSocket.<init>(ServerSocket.java:243)
		at org.apache.catalina.core.StandardServer.await(StandardServer.java:584)
		at org.apache.catalina.startup.Catalina.await(Catalina.java:721)
		at org.apache.catalina.startup.Catalina.start(Catalina.java:667)
		at java.base/jdk.internal.reflect.NativeMethodAccessorImpl.invoke0(Native Method)
		at java.base/jdk.internal.reflect.NativeMethodAccessorImpl.invoke(NativeMethodAccessorImpl.java:62)
		at java.base/jdk.internal.reflect.DelegatingMethodAccessorImpl.invoke(DelegatingMethodAccessorImpl.java:43)
		at java.base/java.lang.reflect.Method.invoke(Method.java:566)
		at org.apache.catalina.startup.Bootstrap.start(Bootstrap.java:343)
		at org.apache.catalina.startup.Bootstrap.main(Bootstrap.java:474)
24-Jun-2020 11:56:52.002 INFO [main] org.apache.coyote.AbstractProtocol.pause Pausing ProtocolHandler ["http-nio-8080"]
24-Jun-2020 11:56:52.002 INFO [main] org.apache.catalina.core.StandardService.stopInternal Stopping service [Catalina]
24-Jun-2020 11:56:52.032 INFO [main] org.apache.coyote.AbstractProtocol.stop Stopping ProtocolHandler ["http-nio-8080"]
24-Jun-2020 11:56:52.032 INFO [main] org.apache.coyote.AbstractProtocol.destroy Destroying ProtocolHandler ["http-nio-8080"]
NOTE: Picked up JDK_JAVA_OPTIONS:  --add-opens=java.base/java.lang=ALL-UNNAMED --add-opens=java.base/java.io=ALL-UNNAMED --add-opens=java.rmi/sun.rmi.transport=ALL-UNNAMED
